app/build/intermediates/manifest_merge_blame_file/release/manifest-merger-blame-release-report.txt
1<?xml version="1.0" encoding="utf-8"?>
2<manifest xmlns:android="http://schemas.android.com/apk/res/android"
3    package="com.alarmfm.radio"
4    android:versionCode="1"
5    android:versionName="1.0.0" >
6
7    <uses-sdk
8        android:minSdkVersion="24"
9        android:targetSdkVersion="34" />
10
11    <uses-permission android:name="android.permission.INTERNET" />
11-->src/main/AndroidManifest.xml:5:5-67
11-->src/main/AndroidManifest.xml:5:22-64
12    <uses-permission android:name="android.permission.FOREGROUND_SERVICE" />
12-->src/main/AndroidManifest.xml:6:5-77
12-->src/main/AndroidManifest.xml:6:22-74
13    <uses-permission android:name="android.permission.FOREGROUND_SERVICE_MEDIA_PLAYBACK" />
13-->src/main/AndroidManifest.xml:7:5-92
13-->src/main/AndroidManifest.xml:7:22-89
14    <uses-permission android:name="android.permission.WAKE_LOCK" />
14-->src/main/AndroidManifest.xml:8:5-68
14-->src/main/AndroidManifest.xml:8:22-65
15    <uses-permission android:name="android.permission.SCHEDULE_EXACT_ALARM" />
15-->src/main/AndroidManifest.xml:9:5-79
15-->src/main/AndroidManifest.xml:9:22-76
16    <uses-permission android:name="android.permission.USE_EXACT_ALARM" />
16-->src/main/AndroidManifest.xml:10:5-74
16-->src/main/AndroidManifest.xml:10:22-71
17    <uses-permission android:name="android.permission.RECEIVE_BOOT_COMPLETED" />
17-->src/main/AndroidManifest.xml:11:5-81
17-->src/main/AndroidManifest.xml:11:22-78
18    <uses-permission android:name="android.permission.VIBRATE" />
18-->src/main/AndroidManifest.xml:12:5-66
18-->src/main/AndroidManifest.xml:12:22-63
19    <uses-permission android:name="android.permission.POST_NOTIFICATIONS" />
19-->src/main/AndroidManifest.xml:13:5-77
19-->src/main/AndroidManifest.xml:13:22-74
20    <uses-permission android:name="android.permission.ACCESS_NETWORK_STATE" />
20-->[androidx.media3:media3-common:1.2.0] AndroidManifest.xml:22:5-79
20-->[androidx.media3:media3-common:1.2.0] AndroidManifest.xml:22:22-76
21
22    <permission
22-->[androidx.core:core:1.12.0] AndroidManifest.xml:22:5-24:47
23        android:name="com.alarmfm.radio.DYNAMIC_RECEIVER_NOT_EXPORTED_PERMISSION"
23-->[androidx.core:core:1.12.0] AndroidManifest.xml:23:9-81
24        android:protectionLevel="signature" />
24-->[androidx.core:core:1.12.0] AndroidManifest.xml:24:9-44
25
26    <uses-permission android:name="com.alarmfm.radio.DYNAMIC_RECEIVER_NOT_EXPORTED_PERMISSION" />
26-->[androidx.core:core:1.12.0] AndroidManifest.xml:26:5-97
26-->[androidx.core:core:1.12.0] AndroidManifest.xml:26:22-94
27
28    <application
28-->src/main/AndroidManifest.xml:15:5-59:19
29        android:name="com.alarmfm.radio.AlarmFMApplication"
29-->src/main/AndroidManifest.xml:16:9-43
30        android:allowBackup="true"
30-->src/main/AndroidManifest.xml:17:9-35
31        android:appComponentFactory="androidx.core.app.CoreComponentFactory"
31-->[androidx.core:core:1.12.0] AndroidManifest.xml:28:18-86
32        android:dataExtractionRules="@xml/data_extraction_rules"
32-->src/main/AndroidManifest.xml:18:9-65
33        android:extractNativeLibs="false"
34        android:fullBackupContent="@xml/backup_rules"
34-->src/main/AndroidManifest.xml:19:9-54
35        android:icon="@mipmap/ic_launcher"
35-->src/main/AndroidManifest.xml:20:9-43
36        android:label="@string/app_name"
36-->src/main/AndroidManifest.xml:21:9-41
37        android:roundIcon="@mipmap/ic_launcher_round"
37-->src/main/AndroidManifest.xml:22:9-54
38        android:supportsRtl="true"
38-->src/main/AndroidManifest.xml:23:9-35
39        android:theme="@style/Theme.AlarmFM" >
39-->src/main/AndroidManifest.xml:24:9-45
40        <activity
40-->src/main/AndroidManifest.xml:27:9-35:20
41            android:name="com.alarmfm.radio.presentation.MainActivity"
41-->src/main/AndroidManifest.xml:28:13-54
42            android:exported="true"
42-->src/main/AndroidManifest.xml:29:13-36
43            android:theme="@style/Theme.AlarmFM" >
43-->src/main/AndroidManifest.xml:30:13-49
44            <intent-filter>
44-->src/main/AndroidManifest.xml:31:13-34:29
45                <action android:name="android.intent.action.MAIN" />
45-->src/main/AndroidManifest.xml:32:17-69
45-->src/main/AndroidManifest.xml:32:25-66
46
47                <category android:name="android.intent.category.LAUNCHER" />
47-->src/main/AndroidManifest.xml:33:17-77
47-->src/main/AndroidManifest.xml:33:27-74
48            </intent-filter>
49        </activity>
50
51        <service
51-->src/main/AndroidManifest.xml:37:9-40:61
52            android:name="com.alarmfm.radio.presentation.service.RadioPlayerService"
52-->src/main/AndroidManifest.xml:38:13-68
53            android:exported="false"
53-->src/main/AndroidManifest.xml:39:13-37
54            android:foregroundServiceType="mediaPlayback" />
54-->src/main/AndroidManifest.xml:40:13-58
55
56        <receiver
56-->src/main/AndroidManifest.xml:42:9-45:40
57            android:name="com.alarmfm.radio.presentation.receiver.AlarmReceiver"
57-->src/main/AndroidManifest.xml:43:13-64
58            android:enabled="true"
58-->src/main/AndroidManifest.xml:44:13-35
59            android:exported="false" />
59-->src/main/AndroidManifest.xml:45:13-37
60        <receiver
60-->src/main/AndroidManifest.xml:47:9-57:20
61            android:name="com.alarmfm.radio.presentation.receiver.BootCompletedReceiver"
61-->src/main/AndroidManifest.xml:48:13-72
62            android:enabled="true"
62-->src/main/AndroidManifest.xml:49:13-35
63            android:exported="false" >
63-->src/main/AndroidManifest.xml:50:13-37
64            <intent-filter android:priority="1000" >
64-->src/main/AndroidManifest.xml:51:13-56:29
64-->src/main/AndroidManifest.xml:51:28-51
65                <action android:name="android.intent.action.BOOT_COMPLETED" />
65-->src/main/AndroidManifest.xml:52:17-79
65-->src/main/AndroidManifest.xml:52:25-76
66                <action android:name="android.intent.action.MY_PACKAGE_REPLACED" />
66-->src/main/AndroidManifest.xml:53:17-84
66-->src/main/AndroidManifest.xml:53:25-81
67                <action android:name="android.intent.action.PACKAGE_REPLACED" />
67-->src/main/AndroidManifest.xml:54:17-81
67-->src/main/AndroidManifest.xml:54:25-78
68
69                <data android:scheme="package" />
69-->src/main/AndroidManifest.xml:55:17-50
69-->src/main/AndroidManifest.xml:55:23-47
70            </intent-filter>
71        </receiver>
72
73        <provider
73-->[androidx.work:work-runtime:2.9.0] AndroidManifest.xml:29:9-37:20
74            android:name="androidx.startup.InitializationProvider"
74-->[androidx.work:work-runtime:2.9.0] AndroidManifest.xml:30:13-67
75            android:authorities="com.alarmfm.radio.androidx-startup"
75-->[androidx.work:work-runtime:2.9.0] AndroidManifest.xml:31:13-68
76            android:exported="false" >
76-->[androidx.work:work-runtime:2.9.0] AndroidManifest.xml:32:13-37
77            <meta-data
77-->[androidx.work:work-runtime:2.9.0] AndroidManifest.xml:34:13-36:52
78                android:name="androidx.work.WorkManagerInitializer"
78-->[androidx.work:work-runtime:2.9.0] AndroidManifest.xml:35:17-68
79                android:value="androidx.startup" />
79-->[androidx.work:work-runtime:2.9.0] AndroidManifest.xml:36:17-49
80            <meta-data
80-->[androidx.emoji2:emoji2:1.4.0] AndroidManifest.xml:29:13-31:52
81                android:name="androidx.emoji2.text.EmojiCompatInitializer"
81-->[androidx.emoji2:emoji2:1.4.0] AndroidManifest.xml:30:17-75
82                android:value="androidx.startup" />
82-->[androidx.emoji2:emoji2:1.4.0] AndroidManifest.xml:31:17-49
83            <meta-data
83-->[androidx.lifecycle:lifecycle-process:2.7.0] AndroidManifest.xml:29:13-31:52
84                android:name="androidx.lifecycle.ProcessLifecycleInitializer"
84-->[androidx.lifecycle:lifecycle-process:2.7.0] AndroidManifest.xml:30:17-78
85                android:value="androidx.startup" />
85-->[androidx.lifecycle:lifecycle-process:2.7.0] AndroidManifest.xml:31:17-49
86            <meta-data
86-->[androidx.profileinstaller:profileinstaller:1.3.1] AndroidManifest.xml:29:13-31:52
87                android:name="androidx.profileinstaller.ProfileInstallerInitializer"
87-->[androidx.profileinstaller:profileinstaller:1.3.1] AndroidManifest.xml:30:17-85
88                android:value="androidx.startup" />
88-->[androidx.profileinstaller:profileinstaller:1.3.1] AndroidManifest.xml:31:17-49
89        </provider>
90
91        <service
91-->[androidx.work:work-runtime:2.9.0] AndroidManifest.xml:39:9-45:35
92            android:name="androidx.work.impl.background.systemalarm.SystemAlarmService"
92-->[androidx.work:work-runtime:2.9.0] AndroidManifest.xml:40:13-88
93            android:directBootAware="false"
93-->[androidx.work:work-runtime:2.9.0] AndroidManifest.xml:41:13-44
94            android:enabled="@bool/enable_system_alarm_service_default"
94-->[androidx.work:work-runtime:2.9.0] AndroidManifest.xml:42:13-72
95            android:exported="false" />
95-->[androidx.work:work-runtime:2.9.0] AndroidManifest.xml:43:13-37
96        <service
96-->[androidx.work:work-runtime:2.9.0] AndroidManifest.xml:46:9-52:35
97            android:name="androidx.work.impl.background.systemjob.SystemJobService"
97-->[androidx.work:work-runtime:2.9.0] AndroidManifest.xml:47:13-84
98            android:directBootAware="false"
98-->[androidx.work:work-runtime:2.9.0] AndroidManifest.xml:48:13-44
99            android:enabled="@bool/enable_system_job_service_default"
99-->[androidx.work:work-runtime:2.9.0] AndroidManifest.xml:49:13-70
100            android:exported="true"
100-->[androidx.work:work-runtime:2.9.0] AndroidManifest.xml:50:13-36
101            android:permission="android.permission.BIND_JOB_SERVICE" />
101-->[androidx.work:work-runtime:2.9.0] AndroidManifest.xml:51:13-69
102        <service
102-->[androidx.work:work-runtime:2.9.0] AndroidManifest.xml:53:9-59:35
103            android:name="androidx.work.impl.foreground.SystemForegroundService"
103-->[androidx.work:work-runtime:2.9.0] AndroidManifest.xml:54:13-81
104            android:directBootAware="false"
104-->[androidx.work:work-runtime:2.9.0] AndroidManifest.xml:55:13-44
105            android:enabled="@bool/enable_system_foreground_service_default"
105-->[androidx.work:work-runtime:2.9.0] AndroidManifest.xml:56:13-77
106            android:exported="false" />
106-->[androidx.work:work-runtime:2.9.0] AndroidManifest.xml:57:13-37
107
108        <receiver
108-->[androidx.work:work-runtime:2.9.0] AndroidManifest.xml:61:9-66:35
109            android:name="androidx.work.impl.utils.ForceStopRunnable$BroadcastReceiver"
109-->[androidx.work:work-runtime:2.9.0] AndroidManifest.xml:62:13-88
110            android:directBootAware="false"
110-->[androidx.work:work-runtime:2.9.0] AndroidManifest.xml:63:13-44
111            android:enabled="true"
111-->[androidx.work:work-runtime:2.9.0] AndroidManifest.xml:64:13-35
112            android:exported="false" />
112-->[androidx.work:work-runtime:2.9.0] AndroidManifest.xml:65:13-37
113        <receiver
113-->[androidx.work:work-runtime:2.9.0] AndroidManifest.xml:67:9-77:20
114            android:name="androidx.work.impl.background.systemalarm.ConstraintProxy$BatteryChargingProxy"
114-->[androidx.work:work-runtime:2.9.0] AndroidManifest.xml:68:13-106
115            android:directBootAware="false"
115-->[androidx.work:work-runtime:2.9.0] AndroidManifest.xml:69:13-44
116            android:enabled="false"
116-->[androidx.work:work-runtime:2.9.0] AndroidManifest.xml:70:13-36
117            android:exported="false" >
117-->[androidx.work:work-runtime:2.9.0] AndroidManifest.xml:71:13-37
118            <intent-filter>
118-->[androidx.work:work-runtime:2.9.0] AndroidManifest.xml:73:13-76:29
119                <action android:name="android.intent.action.ACTION_POWER_CONNECTED" />
119-->[androidx.work:work-runtime:2.9.0] AndroidManifest.xml:74:17-87
119-->[androidx.work:work-runtime:2.9.0] AndroidManifest.xml:74:25-84
120                <action android:name="android.intent.action.ACTION_POWER_DISCONNECTED" />
120-->[androidx.work:work-runtime:2.9.0] AndroidManifest.xml:75:17-90
120-->[androidx.work:work-runtime:2.9.0] AndroidManifest.xml:75:25-87
121            </intent-filter>
122        </receiver>
123        <receiver
123-->[androidx.work:work-runtime:2.9.0] AndroidManifest.xml:78:9-88:20
124            android:name="androidx.work.impl.background.systemalarm.ConstraintProxy$BatteryNotLowProxy"
124-->[androidx.work:work-runtime:2.9.0] AndroidManifest.xml:79:13-104
125            android:directBootAware="false"
125-->[androidx.work:work-runtime:2.9.0] AndroidManifest.xml:80:13-44
126            android:enabled="false"
126-->[androidx.work:work-runtime:2.9.0] AndroidManifest.xml:81:13-36
127            android:exported="false" >
127-->[androidx.work:work-runtime:2.9.0] AndroidManifest.xml:82:13-37
128            <intent-filter>
128-->[androidx.work:work-runtime:2.9.0] AndroidManifest.xml:84:13-87:29
129                <action android:name="android.intent.action.BATTERY_OKAY" />
129-->[androidx.work:work-runtime:2.9.0] AndroidManifest.xml:85:17-77
129-->[androidx.work:work-runtime:2.9.0] AndroidManifest.xml:85:25-74
130                <action android:name="android.intent.action.BATTERY_LOW" />
130-->[androidx.work:work-runtime:2.9.0] AndroidManifest.xml:86:17-76
130-->[androidx.work:work-runtime:2.9.0] AndroidManifest.xml:86:25-73
131            </intent-filter>
132        </receiver>
133        <receiver
133-->[androidx.work:work-runtime:2.9.0] AndroidManifest.xml:89:9-99:20
134            android:name="androidx.work.impl.background.systemalarm.ConstraintProxy$StorageNotLowProxy"
134-->[androidx.work:work-runtime:2.9.0] AndroidManifest.xml:90:13-104
135            android:directBootAware="false"
135-->[androidx.work:work-runtime:2.9.0] AndroidManifest.xml:91:13-44
136            android:enabled="false"
136-->[androidx.work:work-runtime:2.9.0] AndroidManifest.xml:92:13-36
137            android:exported="false" >
137-->[androidx.work:work-runtime:2.9.0] AndroidManifest.xml:93:13-37
138            <intent-filter>
138-->[androidx.work:work-runtime:2.9.0] AndroidManifest.xml:95:13-98:29
139                <action android:name="android.intent.action.DEVICE_STORAGE_LOW" />
139-->[androidx.work:work-runtime:2.9.0] AndroidManifest.xml:96:17-83
139-->[androidx.work:work-runtime:2.9.0] AndroidManifest.xml:96:25-80
140                <action android:name="android.intent.action.DEVICE_STORAGE_OK" />
140-->[androidx.work:work-runtime:2.9.0] AndroidManifest.xml:97:17-82
140-->[androidx.work:work-runtime:2.9.0] AndroidManifest.xml:97:25-79
141            </intent-filter>
142        </receiver>
143        <receiver
143-->[androidx.work:work-runtime:2.9.0] AndroidManifest.xml:100:9-109:20
144            android:name="androidx.work.impl.background.systemalarm.ConstraintProxy$NetworkStateProxy"
144-->[androidx.work:work-runtime:2.9.0] AndroidManifest.xml:101:13-103
145            android:directBootAware="false"
145-->[androidx.work:work-runtime:2.9.0] AndroidManifest.xml:102:13-44
146            android:enabled="false"
146-->[androidx.work:work-runtime:2.9.0] AndroidManifest.xml:103:13-36
147            android:exported="false" >
147-->[androidx.work:work-runtime:2.9.0] AndroidManifest.xml:104:13-37
148            <intent-filter>
148-->[androidx.work:work-runtime:2.9.0] AndroidManifest.xml:106:13-108:29
149                <action android:name="android.net.conn.CONNECTIVITY_CHANGE" />
149-->[androidx.work:work-runtime:2.9.0] AndroidManifest.xml:107:17-79
149-->[androidx.work:work-runtime:2.9.0] AndroidManifest.xml:107:25-76
150            </intent-filter>
151        </receiver>
152        <receiver
152-->[androidx.work:work-runtime:2.9.0] AndroidManifest.xml:110:9-121:20
153            android:name="androidx.work.impl.background.systemalarm.RescheduleReceiver"
153-->[androidx.work:work-runtime:2.9.0] AndroidManifest.xml:111:13-88
154            android:directBootAware="false"
154-->[androidx.work:work-runtime:2.9.0] AndroidManifest.xml:112:13-44
155            android:enabled="false"
155-->[androidx.work:work-runtime:2.9.0] AndroidManifest.xml:113:13-36
156            android:exported="false" >
156-->[androidx.work:work-runtime:2.9.0] AndroidManifest.xml:114:13-37
157            <intent-filter>
157-->[androidx.work:work-runtime:2.9.0] AndroidManifest.xml:116:13-120:29
158                <action android:name="android.intent.action.BOOT_COMPLETED" />
158-->src/main/AndroidManifest.xml:52:17-79
158-->src/main/AndroidManifest.xml:52:25-76
159                <action android:name="android.intent.action.TIME_SET" />
159-->[androidx.work:work-runtime:2.9.0] AndroidManifest.xml:118:17-73
159-->[androidx.work:work-runtime:2.9.0] AndroidManifest.xml:118:25-70
160                <action android:name="android.intent.action.TIMEZONE_CHANGED" />
160-->[androidx.work:work-runtime:2.9.0] AndroidManifest.xml:119:17-81
160-->[androidx.work:work-runtime:2.9.0] AndroidManifest.xml:119:25-78
161            </intent-filter>
162        </receiver>
163        <receiver
163-->[androidx.work:work-runtime:2.9.0] AndroidManifest.xml:122:9-131:20
164            android:name="androidx.work.impl.background.systemalarm.ConstraintProxyUpdateReceiver"
164-->[androidx.work:work-runtime:2.9.0] AndroidManifest.xml:123:13-99
165            android:directBootAware="false"
165-->[androidx.work:work-runtime:2.9.0] AndroidManifest.xml:124:13-44
166            android:enabled="@bool/enable_system_alarm_service_default"
166-->[androidx.work:work-runtime:2.9.0] AndroidManifest.xml:125:13-72
167            android:exported="false" >
167-->[androidx.work:work-runtime:2.9.0] AndroidManifest.xml:126:13-37
168            <intent-filter>
168-->[androidx.work:work-runtime:2.9.0] AndroidManifest.xml:128:13-130:29
169                <action android:name="androidx.work.impl.background.systemalarm.UpdateProxies" />
169-->[androidx.work:work-runtime:2.9.0] AndroidManifest.xml:129:17-98
169-->[androidx.work:work-runtime:2.9.0] AndroidManifest.xml:129:25-95
170            </intent-filter>
171        </receiver>
172        <receiver
172-->[androidx.work:work-runtime:2.9.0] AndroidManifest.xml:132:9-142:20
173            android:name="androidx.work.impl.diagnostics.DiagnosticsReceiver"
173-->[androidx.work:work-runtime:2.9.0] AndroidManifest.xml:133:13-78
174            android:directBootAware="false"
174-->[androidx.work:work-runtime:2.9.0] AndroidManifest.xml:134:13-44
175            android:enabled="true"
175-->[androidx.work:work-runtime:2.9.0] AndroidManifest.xml:135:13-35
176            android:exported="true"
176-->[androidx.work:work-runtime:2.9.0] AndroidManifest.xml:136:13-36
177            android:permission="android.permission.DUMP" >
177-->[androidx.work:work-runtime:2.9.0] AndroidManifest.xml:137:13-57
178            <intent-filter>
178-->[androidx.work:work-runtime:2.9.0] AndroidManifest.xml:139:13-141:29
179                <action android:name="androidx.work.diagnostics.REQUEST_DIAGNOSTICS" />
179-->[androidx.work:work-runtime:2.9.0] AndroidManifest.xml:140:17-88
179-->[androidx.work:work-runtime:2.9.0] AndroidManifest.xml:140:25-85
180            </intent-filter>
181        </receiver>
182
183        <service
183-->[androidx.room:room-runtime:2.6.1] AndroidManifest.xml:24:9-28:63
184            android:name="androidx.room.MultiInstanceInvalidationService"
184-->[androidx.room:room-runtime:2.6.1] AndroidManifest.xml:25:13-74
185            android:directBootAware="true"
185-->[androidx.room:room-runtime:2.6.1] AndroidManifest.xml:26:13-43
186            android:exported="false" />
186-->[androidx.room:room-runtime:2.6.1] AndroidManifest.xml:27:13-37
187
188        <receiver
188-->[androidx.profileinstaller:profileinstaller:1.3.1] AndroidManifest.xml:34:9-52:20
189            android:name="androidx.profileinstaller.ProfileInstallReceiver"
189-->[androidx.profileinstaller:profileinstaller:1.3.1] AndroidManifest.xml:35:13-76
190            android:directBootAware="false"
190-->[androidx.profileinstaller:profileinstaller:1.3.1] AndroidManifest.xml:36:13-44
191            android:enabled="true"
191-->[androidx.profileinstaller:profileinstaller:1.3.1] AndroidManifest.xml:37:13-35
192            android:exported="true"
192-->[androidx.profileinstaller:profileinstaller:1.3.1] AndroidManifest.xml:38:13-36
193            android:permission="android.permission.DUMP" >
193-->[androidx.profileinstaller:profileinstaller:1.3.1] AndroidManifest.xml:39:13-57
194            <intent-filter>
194-->[androidx.profileinstaller:profileinstaller:1.3.1] AndroidManifest.xml:40:13-42:29
195                <action android:name="androidx.profileinstaller.action.INSTALL_PROFILE" />
195-->[androidx.profileinstaller:profileinstaller:1.3.1] AndroidManifest.xml:41:17-91
195-->[androidx.profileinstaller:profileinstaller:1.3.1] AndroidManifest.xml:41:25-88
196            </intent-filter>
197            <intent-filter>
197-->[androidx.profileinstaller:profileinstaller:1.3.1] AndroidManifest.xml:43:13-45:29
198                <action android:name="androidx.profileinstaller.action.SKIP_FILE" />
198-->[androidx.profileinstaller:profileinstaller:1.3.1] AndroidManifest.xml:44:17-85
198-->[androidx.profileinstaller:profileinstaller:1.3.1] AndroidManifest.xml:44:25-82
199            </intent-filter>
200            <intent-filter>
200-->[androidx.profileinstaller:profileinstaller:1.3.1] AndroidManifest.xml:46:13-48:29
201                <action android:name="androidx.profileinstaller.action.SAVE_PROFILE" />
201-->[androidx.profileinstaller:profileinstaller:1.3.1] AndroidManifest.xml:47:17-88
201-->[androidx.profileinstaller:profileinstaller:1.3.1] AndroidManifest.xml:47:25-85
202            </intent-filter>
203            <intent-filter>
203-->[androidx.profileinstaller:profileinstaller:1.3.1] AndroidManifest.xml:49:13-51:29
204                <action android:name="androidx.profileinstaller.action.BENCHMARK_OPERATION" />
204-->[androidx.profileinstaller:profileinstaller:1.3.1] AndroidManifest.xml:50:17-95
204-->[androidx.profileinstaller:profileinstaller:1.3.1] AndroidManifest.xml:50:25-92
205            </intent-filter>
206        </receiver>
207    </application>
208
209</manifest>